<?xml version="1.0" encoding="UTF-8"?>
<!-- Generated by org.testng.reporters.JUnitXMLReporter -->
<testsuite hostname="Vira" name="flipkart_search" tests="7" failures="0" timestamp="18 Apr 2014 05:09:43 GMT" time="6.894" errors="0">
  <testcase name="@BeforeMethod setUp" time="0.0" classname="com.flipkart.verification.Index">
    <failure type="org.openqa.selenium.WebDriverException" message="Error forwarding the new session Empty pool of VM for setup {platform=ANY, firefox_profile=UEsDBBQACAAIAPRUkkQAAAAAAAAAAAAAAAAHAAAAdXNlci5qc41WTW/bMAy971cMOW3AInQreuh2
2podBhTooSh2FGSZjtXIkkBRcfPvR9np0qT+utkOKfE9Pj4mRUAZEKpPK3ghcNF4F0UKpSIQzpOp
Dk8csvrysVI2wucfH9IpI4JOaOggWoVOgiNA47ay+wwi1r6V3mkYTi5hT97bKADRo+ZrvQUBThUW
Sk4hTBcZ7ws8RQ9cUKBv+U2UvhGtcaVvRZmaMHmFA2o97kRNFAR/X2ul6zEAfG5pYj5M+gBOlqmD
b70aqchXlTUO1iqEKJS1zE9xkCVUKlmag1xYr3fWRFqGOpJCSkEEtc31X51HZeZ3hgSBhQYIDwLh
GTSN0JKhNupF6hp9AzJqNIEkJifJNPn41e3t7eo8J3BooChIFbLxpbLTdTMni7r6Jk4l8sNBr/CO
7WyUYxbwtVuDEC95qxnokbuVKnyi74VVbrca1kt/w/q1wXwIpTjTIFCo6yOWaRinLi0UfOuyCLOA
N8fnjcFJ2Fz2TnQqdtD208Lx34aDfz/d/xR+z4NrymE23+g2d2nTE/+o+YZMy9eriYOvhdIawpgW
R0ynBbVbymIvze78EYRRVdA989HTpE964JIUC2q/3DVbKEo0TL3sSZLJMUWRwUgNSHGyyf+F8ToQ
+bK/NbjHLHouYtzo8vQvGvtntVd9IMuJOgXkW/64u97h52031CbWh3X+OagY1xbclurcq5ubiTSu
cM1bxLGL5VvXAXDNoftueV0K7o0+rd9uz7s8p7nzjk3P4tERpoNOw5frQqfse2VGs3XesU030BSA
j93riMWcRNKDkk4Rv0rYsz6nJcJuHTuUD+7O+jin4MpY4Cfh0TCJMnhr9IFzrmfiI6HRJC/TpgUf
Y+LlcxK84Q8wbGuXLs72YHVeXQkzt6vVyNjXYK3gja93m34r/+p/WWi4lbcl4D0v6YXW0ijLZM+s
vHP1xVQ0hqRxU/LLI4sQPJLk/xnyObKysl2YXjNzCt8baLPCG/My+z8DYjdH5BkGQteiiv1ValSx
ns59I7YHVv8S9GeVzZnlxKoYTP0HUEsHCLUx1nkOAwAADQsAAFBLAQIUABQACAAIAPRUkkS1MdZ5
DgMAAA0LAAAHAAAAAAAAAAAAAAAAAAAAAAB1c2VyLmpzUEsFBgAAAAABAAEANQAAAEMDAAAAAA==
, javascriptEnabled=true, browserName=firefox, version=}
Command duration or timeout: 2.30 seconds
Build info: version: &amp;apos;2.33.0&amp;apos;, revision: &amp;apos;4e90c97&amp;apos;, time: &amp;apos;2013-05-22 15:32:38&amp;apos;
System info: os.name: &amp;apos;Windows Vista&amp;apos;, os.arch: &amp;apos;x86&amp;apos;, os.version: &amp;apos;6.2&amp;apos;, java.version: &amp;apos;1.6.0_01&amp;apos;
Driver info: org.openqa.selenium.remote.RemoteWebDriver">
      <![CDATA[org.openqa.selenium.WebDriverException: Error forwarding the new session Empty pool of VM for setup {platform=ANY, firefox_profile=UEsDBBQACAAIAPRUkkQAAAAAAAAAAAAAAAAHAAAAdXNlci5qc41WTW/bMAy971cMOW3AInQreuh2
2podBhTooSh2FGSZjtXIkkBRcfPvR9np0qT+utkOKfE9Pj4mRUAZEKpPK3ghcNF4F0UKpSIQzpOp
Dk8csvrysVI2wucfH9IpI4JOaOggWoVOgiNA47ay+wwi1r6V3mkYTi5hT97bKADRo+ZrvQUBThUW
Sk4hTBcZ7ws8RQ9cUKBv+U2UvhGtcaVvRZmaMHmFA2o97kRNFAR/X2ul6zEAfG5pYj5M+gBOlqmD
b70aqchXlTUO1iqEKJS1zE9xkCVUKlmag1xYr3fWRFqGOpJCSkEEtc31X51HZeZ3hgSBhQYIDwLh
GTSN0JKhNupF6hp9AzJqNIEkJifJNPn41e3t7eo8J3BooChIFbLxpbLTdTMni7r6Jk4l8sNBr/CO
7WyUYxbwtVuDEC95qxnokbuVKnyi74VVbrca1kt/w/q1wXwIpTjTIFCo6yOWaRinLi0UfOuyCLOA
N8fnjcFJ2Fz2TnQqdtD208Lx34aDfz/d/xR+z4NrymE23+g2d2nTE/+o+YZMy9eriYOvhdIawpgW
R0ynBbVbymIvze78EYRRVdA989HTpE964JIUC2q/3DVbKEo0TL3sSZLJMUWRwUgNSHGyyf+F8ToQ
+bK/NbjHLHouYtzo8vQvGvtntVd9IMuJOgXkW/64u97h52031CbWh3X+OagY1xbclurcq5ubiTSu
cM1bxLGL5VvXAXDNoftueV0K7o0+rd9uz7s8p7nzjk3P4tERpoNOw5frQqfse2VGs3XesU030BSA
j93riMWcRNKDkk4Rv0rYsz6nJcJuHTuUD+7O+jin4MpY4Cfh0TCJMnhr9IFzrmfiI6HRJC/TpgUf
Y+LlcxK84Q8wbGuXLs72YHVeXQkzt6vVyNjXYK3gja93m34r/+p/WWi4lbcl4D0v6YXW0ijLZM+s
vHP1xVQ0hqRxU/LLI4sQPJLk/xnyObKysl2YXjNzCt8baLPCG/My+z8DYjdH5BkGQteiiv1ValSx
ns59I7YHVv8S9GeVzZnlxKoYTP0HUEsHCLUx1nkOAwAADQsAAFBLAQIUABQACAAIAPRUkkS1MdZ5
DgMAAA0LAAAHAAAAAAAAAAAAAAAAAAAAAAB1c2VyLmpzUEsFBgAAAAABAAEANQAAAEMDAAAAAA==
, javascriptEnabled=true, browserName=firefox, version=}
Command duration or timeout: 2.30 seconds
Build info: version: '2.33.0', revision: '4e90c97', time: '2013-05-22 15:32:38'
System info: os.name: 'Windows Vista', os.arch: 'x86', os.version: '6.2', java.version: '1.6.0_01'
Driver info: org.openqa.selenium.remote.RemoteWebDriver
	at sun.reflect.NativeConstructorAccessorImpl.newInstance0(Native Method)
	at sun.reflect.NativeConstructorAccessorImpl.newInstance(NativeConstructorAccessorImpl.java:39)
	at sun.reflect.DelegatingConstructorAccessorImpl.newInstance(DelegatingConstructorAccessorImpl.java:27)
	at java.lang.reflect.Constructor.newInstance(Constructor.java:513)
	at org.openqa.selenium.remote.ErrorHandler.createThrowable(ErrorHandler.java:191)
	at org.openqa.selenium.remote.ErrorHandler.throwIfResponseFailed(ErrorHandler.java:145)
	at org.openqa.selenium.remote.RemoteWebDriver.execute(RemoteWebDriver.java:554)
	at org.openqa.selenium.remote.RemoteWebDriver.startSession(RemoteWebDriver.java:216)
	at org.openqa.selenium.remote.RemoteWebDriver.<init>(RemoteWebDriver.java:111)
	at org.openqa.selenium.remote.RemoteWebDriver.<init>(RemoteWebDriver.java:129)
	at com.flipkart.Init.SeleniumInit.setUp(SeleniumInit.java:203)
	at sun.reflect.NativeMethodAccessorImpl.invoke0(Native Method)
	at sun.reflect.NativeMethodAccessorImpl.invoke(NativeMethodAccessorImpl.java:39)
	at sun.reflect.DelegatingMethodAccessorImpl.invoke(DelegatingMethodAccessorImpl.java:25)
	at java.lang.reflect.Method.invoke(Method.java:597)
	at org.testng.internal.MethodInvocationHelper.invokeMethod(MethodInvocationHelper.java:84)
	at org.testng.internal.Invoker.invokeConfigurationMethod(Invoker.java:564)
	at org.testng.internal.Invoker.invokeConfigurations(Invoker.java:213)
	at org.testng.internal.Invoker.invokeMethod(Invoker.java:653)
	at org.testng.internal.Invoker.invokeTestMethod(Invoker.java:901)
	at org.testng.internal.Invoker.invokeTestMethods(Invoker.java:1231)
	at org.testng.internal.TestMethodWorker.invokeTestMethods(TestMethodWorker.java:127)
	at org.testng.internal.TestMethodWorker.run(TestMethodWorker.java:111)
	at org.testng.TestRunner.privateRun(TestRunner.java:767)
	at org.testng.TestRunner.run(TestRunner.java:617)
	at org.testng.SuiteRunner.runTest(SuiteRunner.java:334)
	at org.testng.SuiteRunner.runSequentially(SuiteRunner.java:329)
	at org.testng.SuiteRunner.privateRun(SuiteRunner.java:291)
	at org.testng.SuiteRunner.run(SuiteRunner.java:240)
	at org.testng.SuiteRunnerWorker.runSuite(SuiteRunnerWorker.java:52)
	at org.testng.SuiteRunnerWorker.run(SuiteRunnerWorker.java:86)
	at org.testng.TestNG.runSuitesSequentially(TestNG.java:1224)
	at org.testng.TestNG.runSuitesLocally(TestNG.java:1149)
	at org.testng.TestNG.run(TestNG.java:1057)
	at org.testng.remote.RemoteTestNG.run(RemoteTestNG.java:111)
	at org.testng.remote.RemoteTestNG.initAndRun(RemoteTestNG.java:204)
	at org.testng.remote.RemoteTestNG.main(RemoteTestNG.java:175)
Caused by: org.openqa.grid.common.exception.GridException: Error forwarding the new session Empty pool of VM for setup {platform=ANY, firefox_profile=UEsDBBQACAAIAPRUkkQAAAAAAAAAAAAAAAAHAAAAdXNlci5qc41WTW/bMAy971cMOW3AInQreuh2
2podBhTooSh2FGSZjtXIkkBRcfPvR9np0qT+utkOKfE9Pj4mRUAZEKpPK3ghcNF4F0UKpSIQzpOp
Dk8csvrysVI2wucfH9IpI4JOaOggWoVOgiNA47ay+wwi1r6V3mkYTi5hT97bKADRo+ZrvQUBThUW
Sk4hTBcZ7ws8RQ9cUKBv+U2UvhGtcaVvRZmaMHmFA2o97kRNFAR/X2ul6zEAfG5pYj5M+gBOlqmD
b70aqchXlTUO1iqEKJS1zE9xkCVUKlmag1xYr3fWRFqGOpJCSkEEtc31X51HZeZ3hgSBhQYIDwLh
GTSN0JKhNupF6hp9AzJqNIEkJifJNPn41e3t7eo8J3BooChIFbLxpbLTdTMni7r6Jk4l8sNBr/CO
7WyUYxbwtVuDEC95qxnokbuVKnyi74VVbrca1kt/w/q1wXwIpTjTIFCo6yOWaRinLi0UfOuyCLOA
N8fnjcFJ2Fz2TnQqdtD208Lx34aDfz/d/xR+z4NrymE23+g2d2nTE/+o+YZMy9eriYOvhdIawpgW
R0ynBbVbymIvze78EYRRVdA989HTpE964JIUC2q/3DVbKEo0TL3sSZLJMUWRwUgNSHGyyf+F8ToQ
+bK/NbjHLHouYtzo8vQvGvtntVd9IMuJOgXkW/64u97h52031CbWh3X+OagY1xbclurcq5ubiTSu
cM1bxLGL5VvXAXDNoftueV0K7o0+rd9uz7s8p7nzjk3P4tERpoNOw5frQqfse2VGs3XesU030BSA
j93riMWcRNKDkk4Rv0rYsz6nJcJuHTuUD+7O+jin4MpY4Cfh0TCJMnhr9IFzrmfiI6HRJC/TpgUf
Y+LlcxK84Q8wbGuXLs72YHVeXQkzt6vVyNjXYK3gja93m34r/+p/WWi4lbcl4D0v6YXW0ijLZM+s
vHP1xVQ0hqRxU/LLI4sQPJLk/xnyObKysl2YXjNzCt8baLPCG/My+z8DYjdH5BkGQteiiv1ValSx
ns59I7YHVv8S9GeVzZnlxKoYTP0HUEsHCLUx1nkOAwAADQsAAFBLAQIUABQACAAIAPRUkkS1MdZ5
DgMAAA0LAAAHAAAAAAAAAAAAAAAAAAAAAAB1c2VyLmpzUEsFBgAAAAABAAEANQAAAEMDAAAAAA==
, javascriptEnabled=true, browserName=firefox, version=}
	at org.openqa.grid.web.servlet.handler.RequestHandler.process(RequestHandler.java:112)
	at org.openqa.grid.web.servlet.DriverServlet.process(DriverServlet.java:84)
	at org.openqa.grid.web.servlet.DriverServlet.doPost(DriverServlet.java:68)
	at javax.servlet.http.HttpServlet.service(HttpServlet.java:727)
	at javax.servlet.http.HttpServlet.service(HttpServlet.java:820)
	at org.seleniumhq.jetty7.servlet.ServletHolder.handle(ServletHolder.java:565)
	at org.seleniumhq.jetty7.servlet.ServletHandler.doHandle(ServletHandler.java:479)
	at org.seleniumhq.jetty7.server.session.SessionHandler.doHandle(SessionHandler.java:225)
	at org.seleniumhq.jetty7.server.handler.ContextHandler.doHandle(ContextHandler.java:1031)
	at org.seleniumhq.jetty7.servlet.ServletHandler.doScope(ServletHandler.java:406)
	at org.seleniumhq.jetty7.server.session.SessionHandler.doScope(SessionHandler.java:186)
	at org.seleniumhq.jetty7.server.handler.ContextHandler.doScope(ContextHandler.java:965)
	at org.seleniumhq.jetty7.server.handler.ScopedHandler.handle(ScopedHandler.java:117)
	at org.seleniumhq.jetty7.server.handler.HandlerWrapper.handle(HandlerWrapper.java:111)
	at org.seleniumhq.jetty7.server.Server.handle(Server.java:349)
	at org.seleniumhq.jetty7.server.AbstractHttpConnection.handleRequest(AbstractHttpConnection.java:452)
	at org.seleniumhq.jetty7.server.BlockingHttpConnection.handleRequest(BlockingHttpConnection.java:47)
	at org.seleniumhq.jetty7.server.AbstractHttpConnection.content(AbstractHttpConnection.java:894)
	at org.seleniumhq.jetty7.server.AbstractHttpConnection$RequestHandler.content(AbstractHttpConnection.java:948)
	at org.seleniumhq.jetty7.http.HttpParser.parseNext(HttpParser.java:857)
	at org.seleniumhq.jetty7.http.HttpParser.parseAvailable(HttpParser.java:235)
	at org.seleniumhq.jetty7.server.BlockingHttpConnection.handle(BlockingHttpConnection.java:66)
	at org.seleniumhq.jetty7.server.bio.SocketConnector$ConnectorEndPoint.run(SocketConnector.java:254)
	at org.seleniumhq.jetty7.util.thread.QueuedThreadPool.runJob(QueuedThreadPool.java:599)
	at org.seleniumhq.jetty7.util.thread.QueuedThreadPool$3.run(QueuedThreadPool.java:534)
	at java.lang.Thread.run(Thread.java:619)
]]>
    </failure>
  </testcase> <!-- @BeforeMethod setUp -->
  <testcase name="@BeforeMethod setUp" time="0.0" classname="com.flipkart.verification.Index">
    <skipped/>
  </testcase> <!-- @BeforeMethod setUp -->
  <testcase name="@BeforeMethod setUp" time="0.0" classname="com.flipkart.verification.Index">
    <skipped/>
  </testcase> <!-- @BeforeMethod setUp -->
  <testcase name="@BeforeMethod setUp" time="0.0" classname="com.flipkart.verification.Index">
    <skipped/>
  </testcase> <!-- @BeforeMethod setUp -->
  <testcase name="@BeforeMethod setUp" time="0.0" classname="com.flipkart.verification.Index">
    <skipped/>
  </testcase> <!-- @BeforeMethod setUp -->
  <testcase name="@BeforeMethod setUp" time="0.0" classname="com.flipkart.verification.Index">
    <skipped/>
  </testcase> <!-- @BeforeMethod setUp -->
  <testcase name="flipkart_search" time="0.0010" classname="com.flipkart.verification.Index">
    <skipped/>
  </testcase> <!-- flipkart_search -->
  <testcase name="flipkart_sign" time="0.0" classname="com.flipkart.verification.Index">
    <skipped/>
  </testcase> <!-- flipkart_sign -->
  <testcase name="dataproviderusedemo" time="0.0" classname="com.flipkart.verification.Index">
    <skipped/>
  </testcase> <!-- dataproviderusedemo -->
  <testcase name="dataproviderusedemo" time="0.0" classname="com.flipkart.verification.Index">
    <skipped/>
  </testcase> <!-- dataproviderusedemo -->
  <testcase name="dataproviderusedemo" time="0.0" classname="com.flipkart.verification.Index">
    <skipped/>
  </testcase> <!-- dataproviderusedemo -->
  <testcase name="test1" time="0.0010" classname="com.flipkart.verification.Index">
    <skipped/>
  </testcase> <!-- test1 -->
  <testcase name="test2" time="0.0" classname="com.flipkart.verification.Index">
    <skipped/>
  </testcase> <!-- test2 -->
</testsuite> <!-- flipkart_search -->
