<?xml version="1.0" encoding="UTF-8"?>
<!-- Generated by org.testng.reporters.JUnitXMLReporter -->
<testsuite hostname="Vira" name="flipkart_search" tests="7" failures="0" timestamp="15 Apr 2014 05:27:36 GMT" time="205.933" errors="0">
  <testcase name="flipkart_search" time="28.55" classname="com.flipkart.verification.Index"/>
  <testcase name="flipkart_sign" time="25.113" classname="com.flipkart.verification.Index"/>
  <testcase name="dataproviderusedemo" time="0.0" classname="com.flipkart.verification.Index"/>
  <testcase name="dataproviderusedemo" time="0.015" classname="com.flipkart.verification.Index"/>
  <testcase name="dataproviderusedemo" time="0.0" classname="com.flipkart.verification.Index"/>
  <testcase name="test1" time="0.0" classname="com.flipkart.verification.Index"/>
  <testcase name="test2" time="0.0" classname="com.flipkart.verification.Index"/>
</testsuite> <!-- flipkart_search -->
